#
# There is insufficient memory for the Java Runtime Environment to continue.
# Native memory allocation (malloc) failed to allocate 1289136 bytes for Chunk::new
# Possible reasons:
#   The system is out of physical RAM or swap space
#   In 32 bit mode, the process size limit was hit
# Possible solutions:
#   Reduce memory load on the system
#   Increase physical memory or swap space
#   Check if swap backing store is full
#   Use 64 bit Java on a 64 bit OS
#   Decrease Java heap size (-Xmx/-Xms)
#   Decrease number of Java threads
#   Decrease Java thread stack sizes (-Xss)
#   Set larger code cache with -XX:ReservedCodeCacheSize=
# This output file may be truncated or incomplete.
#
#  Out of Memory Error (allocation.cpp:390), pid=9772, tid=0x0000000000002410
#
# JRE version: Java(TM) SE Runtime Environment (8.0_131-b11) (build 1.8.0_131-b11)
# Java VM: Java HotSpot(TM) 64-Bit Server VM (25.131-b11 mixed mode windows-amd64 compressed oops)
# Failed to write core dump. Minidumps are not enabled by default on client versions of Windows
#

---------------  T H R E A D  ---------------

Current thread (0x0000000054ba7000):  JavaThread "C2 CompilerThread0" daemon [_thread_in_native, id=9232, stack(0x0000000055b60000,0x0000000055c60000)]

Stack: [0x0000000055b60000,0x0000000055c60000]
[error occurred during error reporting (printing stack bounds), id 0xc0000005]

Native frames: (J=compiled Java code, j=interpreted, Vv=VM code, C=native code)


Current CompileTask:
C2:   7892 2204       4       java.net.URLClassLoader$1::run (5 bytes)


---------------  P R O C E S S  ---------------

Java Threads: ( => current thread )
  0x00000000576db000 JavaThread "Cache worker for journal cache (C:\Users\shayan\.gradle\caches\journal-1)" [_thread_blocked, id=11120, stack(0x000000005b760000,0x000000005b860000)]
  0x00000000576da000 JavaThread "Cache worker for file hash cache (D:\react-native\achar\android\.gradle\4.10.1\fileHashes)" [_thread_blocked, id=10592, stack(0x000000005b600000,0x000000005b700000)]
  0x00000000576d9800 JavaThread "File lock request listener" [_thread_in_native, id=8348, stack(0x000000005a500000,0x000000005a600000)]
  0x00000000576d8800 JavaThread "Cache worker for file hash cache (C:\Users\shayan\.gradle\caches\4.10.1\fileHashes)" [_thread_blocked, id=13808, stack(0x000000005a390000,0x000000005a490000)]
  0x00000000576ad000 JavaThread "Stdin handler" [_thread_blocked, id=13188, stack(0x0000000058e40000,0x0000000058f40000)]
  0x00000000576c0000 JavaThread "Asynchronous log dispatcher for DefaultDaemonConnection: socket connection from /127.0.0.1:60291 to /127.0.0.1:60292" [_thread_blocked, id=12720, stack(0x0000000058990000,0x0000000058a90000)]
  0x0000000057689000 JavaThread "Daemon worker" [_thread_in_vm, id=13364, stack(0x0000000058cc0000,0x0000000058dc0000)]
  0x0000000057687800 JavaThread "Cancel handler" [_thread_blocked, id=12912, stack(0x0000000058ad0000,0x0000000058bd0000)]
  0x000000005767f000 JavaThread "Handler for socket connection from /127.0.0.1:60291 to /127.0.0.1:60292" [_thread_in_native, id=12728, stack(0x0000000058870000,0x0000000058970000)]
  0x000000005767e800 JavaThread "Daemon" [_thread_blocked, id=11528, stack(0x0000000057e50000,0x0000000057f50000)]
  0x000000005765c000 JavaThread "Daemon periodic checks" [_thread_blocked, id=1464, stack(0x0000000058630000,0x0000000058730000)]
  0x0000000057655800 JavaThread "Incoming local TCP Connector on port 60291" [_thread_in_native, id=13644, stack(0x0000000058480000,0x0000000058580000)]
  0x0000000057551000 JavaThread "Daemon health stats" [_thread_blocked, id=3408, stack(0x0000000057f50000,0x0000000058050000)]
  0x0000000055f80800 JavaThread "Service Thread" daemon [_thread_blocked, id=13500, stack(0x0000000055c70000,0x0000000055d70000)]
  0x0000000054bad000 JavaThread "C1 CompilerThread1" daemon [_thread_blocked, id=13028, stack(0x0000000055e50000,0x0000000055f50000)]
=>0x0000000054ba7000 JavaThread "C2 CompilerThread0" daemon [_thread_in_native, id=9232, stack(0x0000000055b60000,0x0000000055c60000)]
  0x0000000054ba3800 JavaThread "Attach Listener" daemon [_thread_blocked, id=12268, stack(0x00000000558b0000,0x00000000559b0000)]
  0x0000000054b93000 JavaThread "Signal Dispatcher" daemon [_thread_blocked, id=11472, stack(0x00000000559c0000,0x0000000055ac0000)]
  0x0000000054b7f000 JavaThread "Finalizer" daemon [_thread_blocked, id=13836, stack(0x0000000055670000,0x0000000055770000)]
  0x0000000054b35800 JavaThread "Reference Handler" daemon [_thread_blocked, id=12868, stack(0x0000000055780000,0x0000000055880000)]
  0x0000000001f8f000 JavaThread "main" [_thread_blocked, id=12684, stack(0x0000000002240000,0x0000000002340000)]

Other Threads:
  0x0000000054b2d800 VMThread [stack: 0x0000000055560000,0x0000000055660000] [id=11392]
  0x0000000055f87000 WatcherThread [stack: 0x0000000056400000,0x0000000056500000] [id=12468]

VM state:not at safepoint (normal execution)

VM Mutex/Monitor currently owned by a thread: None

Heap:
 PSYoungGen      total 71168K, used 10695K [0x00000000eab00000, 0x00000000efa00000, 0x0000000100000000)
  eden space 64512K, 6% used [0x00000000eab00000,0x00000000eaef8f28,0x00000000eea00000)
  from space 6656K, 99% used [0x00000000ef180000,0x00000000ef7f9078,0x00000000ef800000)
  to   space 7680K, 0% used [0x00000000eea00000,0x00000000eea00000,0x00000000ef180000)
 ParOldGen       total 35840K, used 11776K [0x00000000c0000000, 0x00000000c2300000, 0x00000000eab00000)
  object space 35840K, 32% used [0x00000000c0000000,0x00000000c0b801d8,0x00000000c2300000)
 Metaspace       used 28520K, capacity 28860K, committed 29104K, reserved 1075200K
  class space    used 3838K, capacity 3972K, committed 4016K, reserved 1048576K

Card table byte_map: [0x00000000119d0000,0x0000000011be0000] byte_map_base: 0x00000000113d0000

Marking Bits: (ParMarkBitMap*) 0x000000007056c720
 Begin Bits: [0x0000000012000000, 0x0000000013000000)
 End Bits:   [0x0000000013000000, 0x0000000014000000)

Polling page: 0x0000000000110000

CodeCache: size=245760Kb used=8356Kb max_used=8356Kb free=237403Kb
 bounds [0x0000000002610000, 0x0000000002e40000, 0x0000000011610000]
 total_blobs=2924 nmethods=2262 adapters=576
 compilation: enabled

Compilation events (10 events):
Event: 7.767 Thread 0x0000000054bad000 2263       2       org.objectweb.asm.ClassReader::createDebugLabel (23 bytes)
Event: 7.767 Thread 0x0000000054bad000 nmethod 2263 0x0000000002e396d0 code [0x0000000002e39840, 0x0000000002e39ad0]
Event: 7.767 Thread 0x0000000054bad000 2264       2       org.objectweb.asm.MethodWriter::visitLdcInsn (183 bytes)
Event: 7.768 Thread 0x0000000054bad000 nmethod 2264 0x0000000002e39cd0 code [0x0000000002e39e80, 0x0000000002e3a1c8]
Event: 7.768 Thread 0x0000000054bad000 2265       2       org.objectweb.asm.ClassReader::readInt (52 bytes)
Event: 7.768 Thread 0x0000000054bad000 nmethod 2265 0x0000000002e3a450 code [0x0000000002e3a5c0, 0x0000000002e3a7d0]
Event: 7.768 Thread 0x0000000054bad000 2266       2       org.objectweb.asm.ClassReader::readClass (7 bytes)
Event: 7.768 Thread 0x0000000054bad000 nmethod 2266 0x0000000002e3a910 code [0x0000000002e3aa80, 0x0000000002e3ace8]
Event: 7.771 Thread 0x0000000054bad000 2267       1       java.net.JarURLConnection::getJarFileURL (5 bytes)
Event: 7.771 Thread 0x0000000054bad000 nmethod 2267 0x0000000002e3b010 code [0x0000000002e3b160, 0x0000000002e3b270]

GC Heap History (10 events):
Event: 3.398 GC heap before
{Heap before GC invocations=5 (full 0):
 PSYoungGen      total 35328K, used 35312K [0x00000000eab00000, 0x00000000ed000000, 0x0000000100000000)
  eden space 32768K, 100% used [0x00000000eab00000,0x00000000ecb00000,0x00000000ecb00000)
  from space 2560K, 99% used [0x00000000ecd80000,0x00000000ecffc030,0x00000000ed000000)
  to   space 2560K, 0% used [0x00000000ecb00000,0x00000000ecb00000,0x00000000ecd80000)
 ParOldGen       total 44032K, used 2785K [0x00000000c0000000, 0x00000000c2b00000, 0x00000000eab00000)
  object space 44032K, 6% used [0x00000000c0000000,0x00000000c02b8448,0x00000000c2b00000)
 Metaspace       used 13404K, capacity 13688K, committed 13824K, reserved 1060864K
  class space    used 1932K, capacity 2032K, committed 2048K, reserved 1048576K
Event: 3.412 GC heap after
Heap after GC invocations=5 (full 0):
 PSYoungGen      total 35328K, used 2560K [0x00000000eab00000, 0x00000000ef800000, 0x0000000100000000)
  eden space 32768K, 0% used [0x00000000eab00000,0x00000000eab00000,0x00000000ecb00000)
  from space 2560K, 100% used [0x00000000ecb00000,0x00000000ecd80000,0x00000000ecd80000)
  to   space 6656K, 0% used [0x00000000ef180000,0x00000000ef180000,0x00000000ef800000)
 ParOldGen       total 44032K, used 6629K [0x00000000c0000000, 0x00000000c2b00000, 0x00000000eab00000)
  object space 44032K, 15% used [0x00000000c0000000,0x00000000c0679420,0x00000000c2b00000)
 Metaspace       used 13404K, capacity 13688K, committed 13824K, reserved 1060864K
  class space    used 1932K, capacity 2032K, committed 2048K, reserved 1048576K
}
Event: 4.406 GC heap before
{Heap before GC invocations=6 (full 0):
 PSYoungGen      total 35328K, used 35328K [0x00000000eab00000, 0x00000000ef800000, 0x0000000100000000)
  eden space 32768K, 100% used [0x00000000eab00000,0x00000000ecb00000,0x00000000ecb00000)
  from space 2560K, 100% used [0x00000000ecb00000,0x00000000ecd80000,0x00000000ecd80000)
  to   space 6656K, 0% used [0x00000000ef180000,0x00000000ef180000,0x00000000ef800000)
 ParOldGen       total 44032K, used 6629K [0x00000000c0000000, 0x00000000c2b00000, 0x00000000eab00000)
  object space 44032K, 15% used [0x00000000c0000000,0x00000000c0679420,0x00000000c2b00000)
 Metaspace       used 16392K, capacity 16744K, committed 17024K, reserved 1062912K
  class space    used 2425K, capacity 2586K, committed 2688K, reserved 1048576K
Event: 4.522 GC heap after
Heap after GC invocations=6 (full 0):
 PSYoungGen      total 71168K, used 6402K [0x00000000eab00000, 0x00000000efa00000, 0x0000000100000000)
  eden space 64512K, 0% used [0x00000000eab00000,0x00000000eab00000,0x00000000eea00000)
  from space 6656K, 96% used [0x00000000ef180000,0x00000000ef7c0808,0x00000000ef800000)
  to   space 7680K, 0% used [0x00000000eea00000,0x00000000eea00000,0x00000000ef180000)
 ParOldGen       total 44032K, used 6629K [0x00000000c0000000, 0x00000000c2b00000, 0x00000000eab00000)
  object space 44032K, 15% used [0x00000000c0000000,0x00000000c0679420,0x00000000c2b00000)
 Metaspace       used 16392K, capacity 16744K, committed 17024K, reserved 1062912K
  class space    used 2425K, capacity 2586K, committed 2688K, reserved 1048576K
}
Event: 6.163 GC heap before
{Heap before GC invocations=7 (full 0):
 PSYoungGen      total 71168K, used 32104K [0x00000000eab00000, 0x00000000efa00000, 0x0000000100000000)
  eden space 64512K, 39% used [0x00000000eab00000,0x00000000ec419ae0,0x00000000eea00000)
  from space 6656K, 96% used [0x00000000ef180000,0x00000000ef7c0808,0x00000000ef800000)
  to   space 7680K, 0% used [0x00000000eea00000,0x00000000eea00000,0x00000000ef180000)
 ParOldGen       total 44032K, used 6629K [0x00000000c0000000, 0x00000000c2b00000, 0x00000000eab00000)
  object space 44032K, 15% used [0x00000000c0000000,0x00000000c0679420,0x00000000c2b00000)
 Metaspace       used 20895K, capacity 21166K, committed 21296K, reserved 1067008K
  class space    used 2987K, capacity 3099K, committed 3120K, reserved 1048576K
Event: 6.179 GC heap after
Heap after GC invocations=7 (full 0):
 PSYoungGen      total 72192K, used 6697K [0x00000000eab00000, 0x00000000efa00000, 0x0000000100000000)
  eden space 64512K, 0% used [0x00000000eab00000,0x00000000eab00000,0x00000000eea00000)
  from space 7680K, 87% used [0x00000000eea00000,0x00000000ef08a4f0,0x00000000ef180000)
  to   space 6656K, 0% used [0x00000000ef180000,0x00000000ef180000,0x00000000ef800000)
 ParOldGen       total 44032K, used 7405K [0x00000000c0000000, 0x00000000c2b00000, 0x00000000eab00000)
  object space 44032K, 16% used [0x00000000c0000000,0x00000000c073b460,0x00000000c2b00000)
 Metaspace       used 20895K, capacity 21166K, committed 21296K, reserved 1067008K
  class space    used 2987K, capacity 3099K, committed 3120K, reserved 1048576K
}
Event: 6.179 GC heap before
{Heap before GC invocations=8 (full 1):
 PSYoungGen      total 72192K, used 6697K [0x00000000eab00000, 0x00000000efa00000, 0x0000000100000000)
  eden space 64512K, 0% used [0x00000000eab00000,0x00000000eab00000,0x00000000eea00000)
  from space 7680K, 87% used [0x00000000eea00000,0x00000000ef08a4f0,0x00000000ef180000)
  to   space 6656K, 0% used [0x00000000ef180000,0x00000000ef180000,0x00000000ef800000)
 ParOldGen       total 44032K, used 7405K [0x00000000c0000000, 0x00000000c2b00000, 0x00000000eab00000)
  object space 44032K, 16% used [0x00000000c0000000,0x00000000c073b460,0x00000000c2b00000)
 Metaspace       used 20895K, capacity 21166K, committed 21296K, reserved 1067008K
  class space    used 2987K, capacity 3099K, committed 3120K, reserved 1048576K
Event: 6.277 GC heap after
Heap after GC invocations=8 (full 1):
 PSYoungGen      total 72192K, used 0K [0x00000000eab00000, 0x00000000efa00000, 0x0000000100000000)
  eden space 64512K, 0% used [0x00000000eab00000,0x00000000eab00000,0x00000000eea00000)
  from space 7680K, 0% used [0x00000000eea00000,0x00000000eea00000,0x00000000ef180000)
  to   space 6656K, 0% used [0x00000000ef180000,0x00000000ef180000,0x00000000ef800000)
 ParOldGen       total 35840K, used 10178K [0x00000000c0000000, 0x00000000c2300000, 0x00000000eab00000)
  object space 35840K, 28% used [0x00000000c0000000,0x00000000c09f0820,0x00000000c2300000)
 Metaspace       used 20895K, capacity 21166K, committed 21296K, reserved 1067008K
  class space    used 2987K, capacity 3099K, committed 3120K, reserved 1048576K
}
Event: 7.788 GC heap before
{Heap before GC invocations=9 (full 1):
 PSYoungGen      total 72192K, used 64512K [0x00000000eab00000, 0x00000000efa00000, 0x0000000100000000)
  eden space 64512K, 100% used [0x00000000eab00000,0x00000000eea00000,0x00000000eea00000)
  from space 7680K, 0% used [0x00000000eea00000,0x00000000eea00000,0x00000000ef180000)
  to   space 6656K, 0% used [0x00000000ef180000,0x00000000ef180000,0x00000000ef800000)
 ParOldGen       total 35840K, used 10178K [0x00000000c0000000, 0x00000000c2300000, 0x00000000eab00000)
  object space 35840K, 28% used [0x00000000c0000000,0x00000000c09f0820,0x00000000c2300000)
 Metaspace       used 27820K, capacity 28220K, committed 28592K, reserved 1073152K
  class space    used 3810K, capacity 3972K, committed 4016K, reserved 1048576K
Event: 7.849 GC heap after
Heap after GC invocations=9 (full 1):
 PSYoungGen      total 71168K, used 6628K [0x00000000eab00000, 0x00000000efa00000, 0x0000000100000000)
  eden space 64512K, 0% used [0x00000000eab00000,0x00000000eab00000,0x00000000eea00000)
  from space 6656K, 99% used [0x00000000ef180000,0x00000000ef7f9078,0x00000000ef800000)
  to   space 7680K, 0% used [0x00000000eea00000,0x00000000eea00000,0x00000000ef180000)
 ParOldGen       total 35840K, used 11776K [0x00000000c0000000, 0x00000000c2300000, 0x00000000eab00000)
  object space 35840K, 32% used [0x00000000c0000000,0x00000000c0b801d8,0x00000000c2300000)
 Metaspace       used 27820K, capacity 28220K, committed 28592K, reserved 1073152K
  class space    used 3810K, capacity 3972K, committed 4016K, reserved 1048576K
}

Deoptimization events (10 events):
Event: 7.212 Thread 0x0000000057689000 Uncommon trap: reason=class_check action=maybe_recompile pc=0x0000000002b79ff8 method=sun.misc.URLClassPath.getLoader(I)Lsun/misc/URLClassPath$Loader; @ 94
Event: 7.212 Thread 0x0000000057689000 Uncommon trap: reason=class_check action=maybe_recompile pc=0x000000000292311c method=sun.misc.URLClassPath.getResource(Ljava/lang/String;Z)Lsun/misc/Resource; @ 62
Event: 7.212 Thread 0x0000000057689000 Uncommon trap: reason=unstable_if action=reinterpret pc=0x0000000002c28944 method=java.lang.String.regionMatches(ZILjava/lang/String;II)Z @ 41
Event: 7.236 Thread 0x0000000057689000 Uncommon trap: reason=class_check action=maybe_recompile pc=0x0000000002b7a12c method=sun.misc.URLClassPath.getLoader(I)Lsun/misc/URLClassPath$Loader; @ 239
Event: 7.253 Thread 0x0000000057689000 Uncommon trap: reason=class_check action=maybe_recompile pc=0x0000000002b7a12c method=sun.misc.URLClassPath.getLoader(I)Lsun/misc/URLClassPath$Loader; @ 239
Event: 7.535 Thread 0x0000000057689000 Uncommon trap: reason=unstable_if action=reinterpret pc=0x0000000002a6756c method=java.util.HashMap.hash(Ljava/lang/Object;)I @ 1
Event: 7.631 Thread 0x0000000057689000 Uncommon trap: reason=unstable_if action=reinterpret pc=0x000000000288641c method=java.util.HashMap.getNode(ILjava/lang/Object;)Ljava/util/HashMap$Node; @ 53
Event: 7.631 Thread 0x0000000057689000 Uncommon trap: reason=unstable_if action=reinterpret pc=0x00000000028878a0 method=java.util.HashMap.hash(Ljava/lang/Object;)I @ 1
Event: 7.631 Thread 0x0000000057689000 Uncommon trap: reason=unstable_if action=reinterpret pc=0x0000000002a38a28 method=java.util.HashMap.putVal(ILjava/lang/Object;Ljava/lang/Object;ZZ)Ljava/lang/Object; @ 85
Event: 7.851 Thread 0x0000000054b35800 Uncommon trap: reason=unstable_if action=reinterpret pc=0x0000000002b386c8 method=java.lang.ref.Reference.tryHandlePending(Z)Z @ 104

Internal exceptions (10 events):
Event: 7.270 Thread 0x0000000057689000 Exception <a 'java/lang/ClassNotFoundException': org/gradle/api/internal/project/AbstractPluginAwareBeanInfo> (0x00000000eccd3f00) thrown at [C:\re\workspace\8-2-build-windows-amd64-cygwin\jdk8u131\8869\hotspot\src\share\vm\classfile\systemDictionary.cpp,
Event: 7.271 Thread 0x0000000057689000 Exception <a 'java/lang/ClassNotFoundException': org/gradle/api/internal/project/AbstractPluginAwareCustomizer> (0x00000000ecd000b0) thrown at [C:\re\workspace\8-2-build-windows-amd64-cygwin\jdk8u131\8869\hotspot\src\share\vm\classfile\systemDictionary.cp
Event: 7.275 Thread 0x0000000057689000 Exception <a 'java/lang/ClassNotFoundException': org/gradle/initialization/DefaultSettingsCustomizer> (0x00000000ecd2f430) thrown at [C:\re\workspace\8-2-build-windows-amd64-cygwin\jdk8u131\8869\hotspot\src\share\vm\classfile\systemDictionary.cpp, line 21
Event: 7.282 Thread 0x0000000057689000 Exception <a 'java/lang/ClassNotFoundException': org/gradle/initialization/DefaultSettings_DecoratedCustomizer> (0x00000000ecd99938) thrown at [C:\re\workspace\8-2-build-windows-amd64-cygwin\jdk8u131\8869\hotspot\src\share\vm\classfile\systemDictionary.cp
Event: 7.303 Thread 0x0000000057689000 Exception <a 'java/lang/ClassNotFoundException': org/gradle/initialization/DefaultProjectDescriptorBeanInfo> (0x00000000ece38968) thrown at [C:\re\workspace\8-2-build-windows-amd64-cygwin\jdk8u131\8869\hotspot\src\share\vm\classfile\systemDictionary.cpp, 
Event: 7.305 Thread 0x0000000057689000 Exception <a 'java/lang/ClassNotFoundException': org/gradle/initialization/DefaultProjectDescriptorCustomizer> (0x00000000ece63ef8) thrown at [C:\re\workspace\8-2-build-windows-amd64-cygwin\jdk8u131\8869\hotspot\src\share\vm\classfile\systemDictionary.cpp
Event: 7.371 Thread 0x0000000057689000 Exception <a 'java/lang/ClassNotFoundException': java/io/FileBeanInfo> (0x00000000ed1e51f8) thrown at [C:\re\workspace\8-2-build-windows-amd64-cygwin\jdk8u131\8869\hotspot\src\share\vm\classfile\systemDictionary.cpp, line 210]
Event: 7.371 Thread 0x0000000057689000 Exception <a 'java/lang/ClassNotFoundException': java/io/FileCustomizer> (0x00000000ed1e81e8) thrown at [C:\re\workspace\8-2-build-windows-amd64-cygwin\jdk8u131\8869\hotspot\src\share\vm\classfile\systemDictionary.cpp, line 210]
Event: 7.535 Thread 0x0000000057689000 Implicit null exception at 0x0000000002a67385 to 0x0000000002a6755d
Event: 7.631 Thread 0x0000000057689000 Implicit null exception at 0x0000000002887808 to 0x0000000002887896

Events (10 events):
Event: 7.858 loading class kotlin/collections/CollectionsKt__IterablesKt
Event: 7.858 loading class kotlin/collections/CollectionsKt__IterablesKt done
Event: 7.859 loading class kotlin/collections/CollectionsKt__CollectionsKt
Event: 7.859 loading class kotlin/collections/CollectionsKt__CollectionsKt done
Event: 7.859 loading class kotlin/collections/CollectionsKt__CollectionsJVMKt
Event: 7.859 loading class kotlin/collections/CollectionsKt__CollectionsJVMKt done
Event: 7.861 loading class kotlin/collections/ArraysKt
Event: 7.861 loading class kotlin/collections/ArraysKt done
Event: 7.861 loading class kotlin/collections/ArraysKt___ArraysKt
Event: 7.861 loading class kotlin/collections/ArraysKt___ArraysKt done


Dynamic libraries:
0x000000013f300000 - 0x000000013f337000 	C:\Program Files\Java\jdk1.8.0_131\bin\java.exe
0x0000000077bb0000 - 0x0000000077d59000 	C:\Windows\SYSTEM32\ntdll.dll
0x0000000077a90000 - 0x0000000077baf000 	C:\Windows\system32\kernel32.dll
0x000007fefda60000 - 0x000007fefdacb000 	C:\Windows\system32\KERNELBASE.dll
0x000007fefe730000 - 0x000007fefe80b000 	C:\Windows\system32\ADVAPI32.dll
0x000007feff8a0000 - 0x000007feff93f000 	C:\Windows\system32\msvcrt.dll
0x000007fefdf60000 - 0x000007fefdf7f000 	C:\Windows\SYSTEM32\sechost.dll
0x000007fefde30000 - 0x000007fefdf5d000 	C:\Windows\system32\RPCRT4.dll
0x0000000077990000 - 0x0000000077a8a000 	C:\Windows\system32\USER32.dll
0x000007fefdf80000 - 0x000007fefdfe7000 	C:\Windows\system32\GDI32.dll
0x000007feff890000 - 0x000007feff89e000 	C:\Windows\system32\LPK.dll
0x000007feffdf0000 - 0x000007feffeb9000 	C:\Windows\system32\USP10.dll
0x000007fefbb50000 - 0x000007fefbd44000 	C:\Windows\WinSxS\amd64_microsoft.windows.common-controls_6595b64144ccf1df_6.0.7601.17514_none_fa396087175ac9ac\COMCTL32.dll
0x000007fefe380000 - 0x000007fefe3f1000 	C:\Windows\system32\SHLWAPI.dll
0x000007fefe200000 - 0x000007fefe22e000 	C:\Windows\system32\IMM32.DLL
0x000007fefdd20000 - 0x000007fefde29000 	C:\Windows\system32\MSCTF.dll
0x0000000078750000 - 0x0000000078822000 	C:\Program Files\Java\jdk1.8.0_131\jre\bin\msvcr100.dll
0x000000006fd50000 - 0x00000000705ec000 	C:\Program Files\Java\jdk1.8.0_131\jre\bin\server\jvm.dll
0x000007fef9790000 - 0x000007fef9799000 	C:\Windows\system32\WSOCK32.dll
0x000007fefe310000 - 0x000007fefe35d000 	C:\Windows\system32\WS2_32.dll
0x000007feff620000 - 0x000007feff628000 	C:\Windows\system32\NSI.dll
0x000007fefb360000 - 0x000007fefb39b000 	C:\Windows\system32\WINMM.dll
0x000007fefc890000 - 0x000007fefc89c000 	C:\Windows\system32\VERSION.dll
0x0000000077d80000 - 0x0000000077d87000 	C:\Windows\system32\PSAPI.DLL
0x0000000070f80000 - 0x0000000070f8f000 	C:\Program Files\Java\jdk1.8.0_131\jre\bin\verify.dll
0x000000006d340000 - 0x000000006d369000 	C:\Program Files\Java\jdk1.8.0_131\jre\bin\java.dll
0x0000000070bb0000 - 0x0000000070bc6000 	C:\Program Files\Java\jdk1.8.0_131\jre\bin\zip.dll
0x000007fefe890000 - 0x000007feff618000 	C:\Windows\system32\SHELL32.dll
0x000007fefdff0000 - 0x000007fefe1f3000 	C:\Windows\system32\ole32.dll
0x000007fefd970000 - 0x000007fefd97f000 	C:\Windows\system32\profapi.dll
0x00000000002a0000 - 0x00000000002ba000 	C:\Program Files\Java\jdk1.8.0_131\jre\bin\net.dll
0x000007fefd140000 - 0x000007fefd195000 	C:\Windows\system32\mswsock.dll
0x000007fefd130000 - 0x000007fefd137000 	C:\Windows\System32\wship6.dll
0x00000000002c0000 - 0x00000000002d1000 	C:\Program Files\Java\jdk1.8.0_131\jre\bin\nio.dll
0x000007fefa550000 - 0x000007fefa56e000 	C:\Users\shayan\.gradle\native\25\windows-amd64\native-platform.dll
0x0000000000020000 - 0x000000000002d000 	C:\Program Files\Java\jdk1.8.0_131\jre\bin\management.dll
0x000007fefd1a0000 - 0x000007fefd1b8000 	C:\Windows\system32\CRYPTSP.dll
0x000007fefcea0000 - 0x000007fefcee7000 	C:\Windows\system32\rsaenh.dll
0x000007fefda20000 - 0x000007fefda3e000 	C:\Windows\system32\USERENV.dll
0x000007fefd800000 - 0x000007fefd80f000 	C:\Windows\system32\CRYPTBASE.dll
0x000007fefba80000 - 0x000007fefbaa7000 	C:\Windows\system32\IPHLPAPI.DLL
0x000007fefba70000 - 0x000007fefba7b000 	C:\Windows\system32\WINNSI.DLL
0x000007fefabf0000 - 0x000007fefac08000 	C:\Windows\system32\dhcpcsvc.DLL
0x000007fefabd0000 - 0x000007fefabe1000 	C:\Windows\system32\dhcpcsvc6.DLL

VM Arguments:
jvm_args: -XX:+HeapDumpOnOutOfMemoryError -Xmx1024m -Dfile.encoding=windows-1256 -Duser.country=US -Duser.language=en -Duser.variant 
java_command: org.gradle.launcher.daemon.bootstrap.GradleDaemon 4.10.1
java_class_path (initial): C:\Users\shayan\.gradle\wrapper\dists\gradle-4.10.1-all\455itskqi2qtf0v2sja68alqd\gradle-4.10.1\lib\gradle-launcher-4.10.1.jar
Launcher Type: SUN_STANDARD

Environment Variables:
JAVA_HOME=C:\Program Files\Java\jdk1.8.0_131
CLASSPATH=D:\react-native\achar\android\\gradle\wrapper\gradle-wrapper.jar
PATH=C:\Users\shayan\bin;C:\Program Files\Git\mingw64\bin;C:\Program Files\Git\usr\local\bin;C:\Program Files\Git\usr\bin;C:\Program Files\Git\usr\bin;C:\Program Files\Git\mingw64\bin;C:\Program Files\Git\usr\bin;C:\Users\shayan\bin;C:\Python27;C:\Python27\Scripts;C:\ProgramData\Oracle\Java\javapath;C:\Windows\system32;C:\Windows;C:\Windows\System32\Wbem;C:\Windows\System32\WindowsPowerShell\v1.0;C:\Program Files (x86)\Common Files\Acronis\SnapAPI;C:\Program Files\nodejs;C:\ProgramData\chocolatey\bin;F:\Android\sdk\platform-tools;C:\Program Files (x86)\QuickTime\QTSystem;C:\Program Files (x86)\GtkSharp\2.12\bin;C:\Program Files\SourceGear\Common\DiffMerge;D:\xampp\php;C:\ProgramData\ComposerSetup\bin;C:\Users\shayan\bin\win-sudo\s;C:\Windows;C:\Users\shayan\AppData\Roaming\npm;C:\Users\shayan\AppData\Local\atom\bin;F:\Android\sdk\build-tools;F:\Android\sdk\tools;C:\Users\shayan\AppData\Roaming\Composer\vendor\bin;C:\Windows;C:\Program Files\Git\usr\bin\vendor_perl;C:\Program Files\Git\usr\bin\core_perl;C:\Users\shayan\bin\win-sudo\s
USERNAME=shayan
SHELL=C:\Program Files\Git\usr\bin\bash
DISPLAY=needs-to-be-defined
OS=Windows_NT
PROCESSOR_IDENTIFIER=Intel64 Family 6 Model 23 Stepping 10, GenuineIntel



---------------  S Y S T E M  ---------------

OS: Windows 7 , 64 bit Build 7601 (6.1.7601.18015)

CPU:total 2 (initial active 2) (2 cores per cpu, 1 threads per core) family 6 model 23 stepping 10, cmov, cx8, fxsr, mmx, sse, sse2, sse3, ssse3, sse4.1, tsc

Memory: 4k page, physical 4158312k(98876k free), swap 16631392k(4232k free)

vm_info: Java HotSpot(TM) 64-Bit Server VM (25.131-b11) for windows-amd64 JRE (1.8.0_131-b11), built on Mar 15 2017 01:23:53 by "java_re" with MS VC++ 10.0 (VS2010)

time: Thu May 23 00:08:35 2019
elapsed time: 7 seconds (0d 0h 0m 7s)

